<?xml version="1.0" encoding="UTF-8"?>
<!-- Generated by org.testng.reporters.JUnitReportReporter -->
<testsuite skipped="0" hostname="DESKTOP-6APU30H" name="runner.AddJob_Runner" tests="1" failures="0" timestamp="13 Nov 2020 10:09:54 GMT" time="61.992" errors="0">
  <testcase name="feature" time="61.992" classname="runner.AddJob_Runner"/>
</testsuite> <!-- runner.AddJob_Runner -->
